Determining if the pthread_create exist failed with the following output:
Change Dir: /home/andreynt/park/C/Telenotes/server/cmake-build-debug/CMakeFiles/CMakeTmp

Run Build Command:"/usr/bin/make" "cmTC_fbd69/fast"
/usr/bin/make -f CMakeFiles/cmTC_fbd69.dir/build.make CMakeFiles/cmTC_fbd69.dir/build
make[1]: вход в каталог «/home/andreynt/park/C/Telenotes/server/cmake-build-debug/CMakeFiles/CMakeTmp»
Building C object CMakeFiles/cmTC_fbd69.dir/CheckSymbolExists.c.o
/usr/bin/cc    -o CMakeFiles/cmTC_fbd69.dir/CheckSymbolExists.c.o   -c /home/andreynt/park/C/Telenotes/server/cmake-build-debug/CMakeFiles/CMakeTmp/CheckSymbolExists.c
Linking C executable cmTC_fbd69
/home/andreynt/Apps/clion-2017.2.2/bin/cmake/bin/cmake -E cmake_link_script CMakeFiles/cmTC_fbd69.dir/link.txt --verbose=1
/usr/bin/cc      CMakeFiles/cmTC_fbd69.dir/CheckSymbolExists.c.o  -o cmTC_fbd69 
CMakeFiles/cmTC_fbd69.dir/CheckSymbolExists.c.o: In function `main':
CheckSymbolExists.c:(.text+0x1b): undefined reference to `pthread_create'
collect2: error: ld returned 1 exit status
CMakeFiles/cmTC_fbd69.dir/build.make:97: ошибка выполнения рецепта для цели «cmTC_fbd69»
make[1]: *** [cmTC_fbd69] Ошибка 1
make[1]: выход из каталога «/home/andreynt/park/C/Telenotes/server/cmake-build-debug/CMakeFiles/CMakeTmp»
Makefile:126: ошибка выполнения рецепта для цели «cmTC_fbd69/fast»
make: *** [cmTC_fbd69/fast] Ошибка 2

File /home/andreynt/park/C/Telenotes/server/cmake-build-debug/CMakeFiles/CMakeTmp/CheckSymbolExists.c:
/* */
#include <pthread.h>

int main(int argc, char** argv)
{
  (void)argv;
#ifndef pthread_create
  return ((int*)(&pthread_create))[argc];
#else
  (void)argc;
  return 0;
#endif
}

Determining if the function pthread_create exists in the pthreads failed with the following output:
Change Dir: /home/andreynt/park/C/Telenotes/server/cmake-build-debug/CMakeFiles/CMakeTmp

Run Build Command:"/usr/bin/make" "cmTC_e8296/fast"
/usr/bin/make -f CMakeFiles/cmTC_e8296.dir/build.make CMakeFiles/cmTC_e8296.dir/build
make[1]: вход в каталог «/home/andreynt/park/C/Telenotes/server/cmake-build-debug/CMakeFiles/CMakeTmp»
Building C object CMakeFiles/cmTC_e8296.dir/CheckFunctionExists.c.o
/usr/bin/cc   -DCHECK_FUNCTION_EXISTS=pthread_create   -o CMakeFiles/cmTC_e8296.dir/CheckFunctionExists.c.o   -c /home/andreynt/Apps/clion-2017.2.2/bin/cmake/share/cmake-3.8/Modules/CheckFunctionExists.c
Linking C executable cmTC_e8296
/home/andreynt/Apps/clion-2017.2.2/bin/cmake/bin/cmake -E cmake_link_script CMakeFiles/cmTC_e8296.dir/link.txt --verbose=1
/usr/bin/cc  -DCHECK_FUNCTION_EXISTS=pthread_create    CMakeFiles/cmTC_e8296.dir/CheckFunctionExists.c.o  -o cmTC_e8296 -lpthreads 
/usr/bin/ld: cannot find -lpthreads
collect2: error: ld returned 1 exit status
CMakeFiles/cmTC_e8296.dir/build.make:97: ошибка выполнения рецепта для цели «cmTC_e8296»
make[1]: *** [cmTC_e8296] Ошибка 1
make[1]: выход из каталога «/home/andreynt/park/C/Telenotes/server/cmake-build-debug/CMakeFiles/CMakeTmp»
Makefile:126: ошибка выполнения рецепта для цели «cmTC_e8296/fast»
make: *** [cmTC_e8296/fast] Ошибка 2


